<?xml version="1.0" encoding="UTF-8"?>
<testsuite name="com.example.education_spring_boot.EducationSpringBootApplicationTests" tests="1" skipped="0" failures="0" errors="0" timestamp="2025-01-31T03:56:12" hostname="MSI" time="0.571">
  <properties/>
  <testcase name="contextLoads()" classname="com.example.education_spring_boot.EducationSpringBootApplicationTests" time="0.571"/>
  <system-out><![CDATA[10:56:07.669 [Test worker] INFO org.springframework.test.context.support.AnnotationConfigContextLoaderUtils -- Could not detect default configuration classes for test class [com.example.education_spring_boot.EducationSpringBootApplicationTests]: EducationSpringBootApplicationTests does not declare any static, non-private, non-final, nested classes annotated with @Configuration.
10:56:07.826 [Test worker] INFO org.springframework.boot.test.context.SpringBootTestContextBootstrapper -- Found @SpringBootConfiguration com.example.education_spring_boot.EducationSpringBootApplication for test class com.example.education_spring_boot.EducationSpringBootApplicationTests

  .   ____          _            __ _ _
 /\\ / ___'_ __ _ _(_)_ __  __ _ \ \ \ \
( ( )\___ | '_ | '_| | '_ \/ _` | \ \ \ \
 \\/  ___)| |_)| | | | | || (_| |  ) ) ) )
  '  |____| .__|_| |_|_| |_\__, | / / / /
 =========|_|==============|___/=/_/_/_/

 :: Spring Boot ::                (v3.4.1)

2025-01-31T10:56:08.201+07:00  INFO 29208 --- [education-spring-boot] [    Test worker] .e.e.EducationSpringBootApplicationTests : Starting EducationSpringBootApplicationTests using Java 23.0.1 with PID 29208 (started by hynor in D:\personal-project\education-spring-boot)
2025-01-31T10:56:08.202+07:00  INFO 29208 --- [education-spring-boot] [    Test worker] .e.e.EducationSpringBootApplicationTests : No active profile set, falling back to 1 default profile: "default"
2025-01-31T10:56:08.812+07:00  INFO 29208 --- [education-spring-boot] [    Test worker] .s.d.r.c.RepositoryConfigurationDelegate : Bootstrapping Spring Data JPA repositories in DEFAULT mode.
2025-01-31T10:56:08.871+07:00  INFO 29208 --- [education-spring-boot] [    Test worker] .s.d.r.c.RepositoryConfigurationDelegate : Finished Spring Data repository scanning in 49 ms. Found 1 JPA repository interface.
2025-01-31T10:56:09.304+07:00  INFO 29208 --- [education-spring-boot] [    Test worker] o.hibernate.jpa.internal.util.LogHelper  : HHH000204: Processing PersistenceUnitInfo [name: default]
2025-01-31T10:56:09.373+07:00  INFO 29208 --- [education-spring-boot] [    Test worker] org.hibernate.Version                    : HHH000412: Hibernate ORM core version 6.6.4.Final
2025-01-31T10:56:09.411+07:00  INFO 29208 --- [education-spring-boot] [    Test worker] o.h.c.internal.RegionFactoryInitiator    : HHH000026: Second-level cache disabled
2025-01-31T10:56:09.712+07:00  INFO 29208 --- [education-spring-boot] [    Test worker] o.s.o.j.p.SpringPersistenceUnitInfo      : No LoadTimeWeaver setup: ignoring JPA class transformer
2025-01-31T10:56:09.743+07:00  INFO 29208 --- [education-spring-boot] [    Test worker] com.zaxxer.hikari.HikariDataSource       : HikariPool-1 - Starting...
2025-01-31T10:56:10.802+07:00  INFO 29208 --- [education-spring-boot] [    Test worker] com.zaxxer.hikari.pool.HikariPool        : HikariPool-1 - Added connection org.postgresql.jdbc.PgConnection@6bfdaa7a
2025-01-31T10:56:10.803+07:00  INFO 29208 --- [education-spring-boot] [    Test worker] com.zaxxer.hikari.HikariDataSource       : HikariPool-1 - Start completed.
2025-01-31T10:56:10.897+07:00  WARN 29208 --- [education-spring-boot] [    Test worker] org.hibernate.orm.deprecation            : HHH90000025: PostgreSQLDialect does not need to be specified explicitly using 'hibernate.dialect' (remove the property setting and it will be selected by default)
2025-01-31T10:56:11.049+07:00  INFO 29208 --- [education-spring-boot] [    Test worker] org.hibernate.orm.connections.pooling    : HHH10001005: Database info:
	Database JDBC URL [Connecting through datasource 'HikariDataSource (HikariPool-1)']
	Database driver: undefined/unknown
	Database version: 15.8
	Autocommit mode: undefined/unknown
	Isolation level: undefined/unknown
	Minimum pool size: undefined/unknown
	Maximum pool size: undefined/unknown
2025-01-31T10:56:11.608+07:00  INFO 29208 --- [education-spring-boot] [    Test worker] o.h.m.i.EntityInstantiatorPojoStandard   : HHH000182: No default (no-argument) constructor for class: com.example.education_spring_boot.model.Account (class must be instantiated by Interceptor)
2025-01-31T10:56:11.754+07:00  INFO 29208 --- [education-spring-boot] [    Test worker] o.h.e.t.j.p.i.JtaPlatformInitiator       : HHH000489: No JTA platform available (set 'hibernate.transaction.jta.platform' to enable JTA platform integration)
Hibernate: alter table if exists account alter column id set data type bigint
2025-01-31T10:56:12.180+07:00  INFO 29208 --- [education-spring-boot] [    Test worker] j.LocalContainerEntityManagerFactoryBean : Initialized JPA EntityManagerFactory for persistence unit 'default'
2025-01-31T10:56:12.505+07:00  WARN 29208 --- [education-spring-boot] [    Test worker] JpaBaseConfiguration$JpaWebConfiguration : spring.jpa.open-in-view is enabled by default. Therefore, database queries may be performed during view rendering. Explicitly configure spring.jpa.open-in-view to disable this warning
2025-01-31T10:56:12.792+07:00  INFO 29208 --- [education-spring-boot] [    Test worker] .e.e.EducationSpringBootApplicationTests : Started EducationSpringBootApplicationTests in 4.824 seconds (process running for 6.089)
]]></system-out>
  <system-err><![CDATA[Mockito is currently self-attaching to enable the inline-mock-maker. This will no longer work in future releases of the JDK. Please add Mockito as an agent to your build what is described in Mockito's documentation: https://javadoc.io/doc/org.mockito/mockito-core/latest/org/mockito/Mockito.html#0.3
WARNING: A Java agent has been loaded dynamically (C:\Users\hynor\.gradle\caches\modules-2\files-2.1\net.bytebuddy\byte-buddy-agent\1.15.11\a38b16385e867f59a641330f0362ebe742788ed8\byte-buddy-agent-1.15.11.jar)
WARNING: If a serviceability tool is in use, please run with -XX:+EnableDynamicAgentLoading to hide this warning
WARNING: If a serviceability tool is not in use, please run with -Djdk.instrument.traceUsage for more information
WARNING: Dynamic loading of agents will be disallowed by default in a future release
]]></system-err>
</testsuite>
