<?xml version="1.0" encoding="UTF-8"?>
<testsuite name="com.example.education_spring_boot.EducationSpringBootApplicationTests" tests="1" skipped="0" failures="0" errors="0" timestamp="2025-02-02T05:18:59" hostname="MSI" time="0.839">
  <properties/>
  <testcase name="contextLoads()" classname="com.example.education_spring_boot.EducationSpringBootApplicationTests" time="0.839"/>
  <system-out><![CDATA[12:18:53.863 [Test worker] INFO org.springframework.test.context.support.AnnotationConfigContextLoaderUtils -- Could not detect default configuration classes for test class [com.example.education_spring_boot.EducationSpringBootApplicationTests]: EducationSpringBootApplicationTests does not declare any static, non-private, non-final, nested classes annotated with @Configuration.
12:18:53.989 [Test worker] INFO org.springframework.boot.test.context.SpringBootTestContextBootstrapper -- Found @SpringBootConfiguration com.example.education_spring_boot.EducationSpringBootApplication for test class com.example.education_spring_boot.EducationSpringBootApplicationTests

  .   ____          _            __ _ _
 /\\ / ___'_ __ _ _(_)_ __  __ _ \ \ \ \
( ( )\___ | '_ | '_| | '_ \/ _` | \ \ \ \
 \\/  ___)| |_)| | | | | || (_| |  ) ) ) )
  '  |____| .__|_| |_|_| |_\__, | / / / /
 =========|_|==============|___/=/_/_/_/

 :: Spring Boot ::                (v3.4.1)

2025-02-02T12:18:54.398+07:00  INFO 15380 --- [education-spring-boot] [    Test worker] .e.e.EducationSpringBootApplicationTests : Starting EducationSpringBootApplicationTests using Java 23.0.1 with PID 15380 (started by hynor in D:\personal-project\education-spring-boot)
2025-02-02T12:18:54.398+07:00  INFO 15380 --- [education-spring-boot] [    Test worker] .e.e.EducationSpringBootApplicationTests : No active profile set, falling back to 1 default profile: "default"
2025-02-02T12:18:55.194+07:00  INFO 15380 --- [education-spring-boot] [    Test worker] .s.d.r.c.RepositoryConfigurationDelegate : Bootstrapping Spring Data JPA repositories in DEFAULT mode.
2025-02-02T12:18:55.240+07:00  INFO 15380 --- [education-spring-boot] [    Test worker] .s.d.r.c.RepositoryConfigurationDelegate : Finished Spring Data repository scanning in 43 ms. Found 1 JPA repository interface.
2025-02-02T12:18:55.711+07:00  INFO 15380 --- [education-spring-boot] [    Test worker] o.hibernate.jpa.internal.util.LogHelper  : HHH000204: Processing PersistenceUnitInfo [name: default]
2025-02-02T12:18:55.789+07:00  INFO 15380 --- [education-spring-boot] [    Test worker] org.hibernate.Version                    : HHH000412: Hibernate ORM core version 6.6.4.Final
2025-02-02T12:18:55.835+07:00  INFO 15380 --- [education-spring-boot] [    Test worker] o.h.c.internal.RegionFactoryInitiator    : HHH000026: Second-level cache disabled
2025-02-02T12:18:56.117+07:00  INFO 15380 --- [education-spring-boot] [    Test worker] o.s.o.j.p.SpringPersistenceUnitInfo      : No LoadTimeWeaver setup: ignoring JPA class transformer
2025-02-02T12:18:56.149+07:00  INFO 15380 --- [education-spring-boot] [    Test worker] com.zaxxer.hikari.HikariDataSource       : HikariPool-1 - Starting...
2025-02-02T12:18:57.165+07:00  INFO 15380 --- [education-spring-boot] [    Test worker] com.zaxxer.hikari.pool.HikariPool        : HikariPool-1 - Added connection org.postgresql.jdbc.PgConnection@2d230cff
2025-02-02T12:18:57.165+07:00  INFO 15380 --- [education-spring-boot] [    Test worker] com.zaxxer.hikari.HikariDataSource       : HikariPool-1 - Start completed.
2025-02-02T12:18:57.274+07:00  WARN 15380 --- [education-spring-boot] [    Test worker] org.hibernate.orm.deprecation            : HHH90000025: PostgreSQLDialect does not need to be specified explicitly using 'hibernate.dialect' (remove the property setting and it will be selected by default)
2025-02-02T12:18:57.430+07:00  INFO 15380 --- [education-spring-boot] [    Test worker] org.hibernate.orm.connections.pooling    : HHH10001005: Database info:
	Database JDBC URL [Connecting through datasource 'HikariDataSource (HikariPool-1)']
	Database driver: undefined/unknown
	Database version: 15.8
	Autocommit mode: undefined/unknown
	Isolation level: undefined/unknown
	Minimum pool size: undefined/unknown
	Maximum pool size: undefined/unknown
2025-02-02T12:18:58.314+07:00  INFO 15380 --- [education-spring-boot] [    Test worker] o.h.e.t.j.p.i.JtaPlatformInitiator       : HHH000489: No JTA platform available (set 'hibernate.transaction.jta.platform' to enable JTA platform integration)
2025-02-02T12:18:58.674+07:00  INFO 15380 --- [education-spring-boot] [    Test worker] j.LocalContainerEntityManagerFactoryBean : Initialized JPA EntityManagerFactory for persistence unit 'default'
2025-02-02T12:18:59.095+07:00  WARN 15380 --- [education-spring-boot] [    Test worker] JpaBaseConfiguration$JpaWebConfiguration : spring.jpa.open-in-view is enabled by default. Therefore, database queries may be performed during view rendering. Explicitly configure spring.jpa.open-in-view to disable this warning
2025-02-02T12:18:59.454+07:00  WARN 15380 --- [education-spring-boot] [    Test worker] .s.s.UserDetailsServiceAutoConfiguration : 

Using generated security password: ae51e14f-b5dd-4b75-bfbc-cb5a8f98b19c

This generated password is for development use only. Your security configuration must be updated before running your application in production.

2025-02-02T12:18:59.470+07:00  INFO 15380 --- [education-spring-boot] [    Test worker] r$InitializeUserDetailsManagerConfigurer : Global AuthenticationManager configured with UserDetailsService bean with name inMemoryUserDetailsManager
2025-02-02T12:18:59.657+07:00  INFO 15380 --- [education-spring-boot] [    Test worker] .e.e.EducationSpringBootApplicationTests : Started EducationSpringBootApplicationTests in 5.512 seconds (process running for 6.632)
]]></system-out>
  <system-err><![CDATA[Mockito is currently self-attaching to enable the inline-mock-maker. This will no longer work in future releases of the JDK. Please add Mockito as an agent to your build what is described in Mockito's documentation: https://javadoc.io/doc/org.mockito/mockito-core/latest/org/mockito/Mockito.html#0.3
WARNING: A Java agent has been loaded dynamically (C:\Users\hynor\.gradle\caches\modules-2\files-2.1\net.bytebuddy\byte-buddy-agent\1.15.11\a38b16385e867f59a641330f0362ebe742788ed8\byte-buddy-agent-1.15.11.jar)
WARNING: If a serviceability tool is in use, please run with -XX:+EnableDynamicAgentLoading to hide this warning
WARNING: If a serviceability tool is not in use, please run with -Djdk.instrument.traceUsage for more information
WARNING: Dynamic loading of agents will be disallowed by default in a future release
]]></system-err>
</testsuite>
